INFO:     Will watch for changes in these directories: ['C:\\Users\\ss\\Documents\\KIP\\backend']
INFO:     Uvicorn running on http://127.0.0.1:8000 (Press CTRL+C to quit)
INFO:     Started reloader process [9920] using WatchFiles
INFO:     Started server process [7384]
INFO:     Waiting for application startup.
INFO:     Application startup complete.
WARNING:  WatchFiles detected changes in 'app\main.py'. Reloading...
INFO:     Shutting down
INFO:     Waiting for connections to close. (CTRL+C to force quit)
INFO:     Waiting for application shutdown.
INFO:     Application shutdown complete.
INFO:     Finished server process [7384]
WARNING:  WatchFiles detected changes in 'app\main.py'. Reloading...
INFO:     Started server process [14276]
INFO:     Waiting for application startup.
ERROR:    Traceback (most recent call last):
  File "C:\Users\ss\AppData\Local\Programs\Python\Python311\Lib\asyncio\runners.py", line 118, in run
    return self._loop.run_until_complete(task)
           ^^^^^^^^^^^^^^^^^^^^^^^^^^^^^^^^^^^
  File "C:\Users\ss\AppData\Local\Programs\Python\Python311\Lib\asyncio\base_events.py", line 654, in run_until_complete
    return future.result()
           ^^^^^^^^^^^^^^^
  File "C:\Users\ss\AppData\Local\Programs\Python\Python311\Lib\site-packages\uvicorn\server.py", line 69, in serve
    await self._serve(sockets)
  File "C:\Users\ss\AppData\Local\Programs\Python\Python311\Lib\site-packages\uvicorn\server.py", line 84, in _serve
    await self.startup(sockets=sockets)
  File "C:\Users\ss\AppData\Local\Programs\Python\Python311\Lib\site-packages\uvicorn\server.py", line 95, in startup
    await self.lifespan.startup()
  File "C:\Users\ss\AppData\Local\Programs\Python\Python311\Lib\site-packages\uvicorn\lifespan\on.py", line 56, in startup
    await self.startup_event.wait()
  File "C:\Users\ss\AppData\Local\Programs\Python\Python311\Lib\asyncio\locks.py", line 213, in wait
    await fut
asyncio.exceptions.CancelledError

During handling of the above exception, another exception occurred:

Traceback (most recent call last):
  File "C:\Users\ss\AppData\Local\Programs\Python\Python311\Lib\asyncio\runners.py", line 190, in run
    return runner.run(main)
           ^^^^^^^^^^^^^^^^
  File "C:\Users\ss\AppData\Local\Programs\Python\Python311\Lib\asyncio\runners.py", line 123, in run
    raise KeyboardInterrupt()
KeyboardInterrupt

During handling of the above exception, another exception occurred:

Traceback (most recent call last):
  File "C:\Users\ss\AppData\Local\Programs\Python\Python311\Lib\site-packages\starlette\routing.py", line 700, in lifespan
    await receive()
  File "C:\Users\ss\AppData\Local\Programs\Python\Python311\Lib\site-packages\uvicorn\lifespan\on.py", line 137, in receive
    return await self.receive_queue.get()
           ^^^^^^^^^^^^^^^^^^^^^^^^^^^^^^
  File "C:\Users\ss\AppData\Local\Programs\Python\Python311\Lib\asyncio\queues.py", line 158, in get
    await getter
asyncio.exceptions.CancelledError

INFO:     Started server process [256]
INFO:     Waiting for application startup.
INFO:     Application startup complete.
